<?xml version="1.0" encoding="UTF-8"?>
<!-- Generated by org.testng.reporters.JUnitReportReporter -->
<testsuite skipped="0" hostname="ISIPL-PUNV-L384" name="testcases.V2E_Tests" tests="24" failures="0" timestamp="23 Sep 2022 06:28:34 GMT" time="229.038" errors="0">
  <testcase name="sampleTest" time="7.570" classname="testcases.V2E_Tests"/>
  <testcase name="sampleTest" time="7.623" classname="testcases.V2E_Tests"/>
  <testcase name="sampleTest" time="8.207" classname="testcases.V2E_Tests"/>
  <testcase name="sampleTest" time="10.530" classname="testcases.V2E_Tests"/>
  <testcase name="sampleTest" time="10.136" classname="testcases.V2E_Tests"/>
  <testcase name="sampleTest" time="10.564" classname="testcases.V2E_Tests"/>
  <testcase name="sampleTest" time="9.099" classname="testcases.V2E_Tests"/>
  <testcase name="sampleTest" time="13.490" classname="testcases.V2E_Tests"/>
  <testcase name="sampleTest" time="8.790" classname="testcases.V2E_Tests"/>
  <testcase name="sampleTest" time="11.702" classname="testcases.V2E_Tests"/>
  <testcase name="sampleTest" time="8.937" classname="testcases.V2E_Tests"/>
  <testcase name="sampleTest" time="8.840" classname="testcases.V2E_Tests"/>
  <testcase name="sampleTest" time="7.857" classname="testcases.V2E_Tests"/>
  <testcase name="sampleTest" time="8.056" classname="testcases.V2E_Tests"/>
  <testcase name="sampleTest" time="8.178" classname="testcases.V2E_Tests"/>
  <testcase name="sampleTest" time="12.715" classname="testcases.V2E_Tests"/>
  <testcase name="sampleTest" time="7.624" classname="testcases.V2E_Tests"/>
  <testcase name="sampleTest" time="16.386" classname="testcases.V2E_Tests"/>
  <testcase name="sampleTest" time="9.221" classname="testcases.V2E_Tests"/>
  <testcase name="sampleTest" time="8.445" classname="testcases.V2E_Tests"/>
  <testcase name="sampleTest" time="7.886" classname="testcases.V2E_Tests"/>
  <testcase name="sampleTest" time="11.215" classname="testcases.V2E_Tests"/>
  <testcase name="sampleTest" time="7.845" classname="testcases.V2E_Tests"/>
  <testcase name="sampleTest" time="8.122" classname="testcases.V2E_Tests"/>
</testsuite> <!-- testcases.V2E_Tests -->
