<?xml version="1.0" encoding="UTF-8"?>
<!-- Generated by org.testng.reporters.JUnitReportReporter -->
<testsuite skipped="0" hostname="ISIPL-PUNV-L384" name="testcases.ProdSanityTest" tests="23" failures="0" timestamp="2022-10-13T12:00:46 IST" time="365.541" errors="0">
  <testcase name="prodSanityTest" time="16.545" classname="testcases.ProdSanityTest"/>
  <system-out/>
  <testcase name="prodSanityTest" time="12.814" classname="testcases.ProdSanityTest"/>
  <system-out/>
  <testcase name="prodSanityTest" time="16.558" classname="testcases.ProdSanityTest"/>
  <system-out/>
  <testcase name="prodSanityTest" time="17.213" classname="testcases.ProdSanityTest"/>
  <system-out/>
  <testcase name="prodSanityTest" time="15.834" classname="testcases.ProdSanityTest"/>
  <system-out/>
  <testcase name="prodSanityTest" time="14.915" classname="testcases.ProdSanityTest"/>
  <system-out/>
  <testcase name="prodSanityTest" time="12.766" classname="testcases.ProdSanityTest"/>
  <system-out/>
  <testcase name="prodSanityTest" time="24.436" classname="testcases.ProdSanityTest"/>
  <system-out/>
  <testcase name="prodSanityTest" time="14.193" classname="testcases.ProdSanityTest"/>
  <system-out/>
  <testcase name="prodSanityTest" time="18.107" classname="testcases.ProdSanityTest"/>
  <system-out/>
  <testcase name="prodSanityTest" time="15.632" classname="testcases.ProdSanityTest"/>
  <system-out/>
  <testcase name="prodSanityTest" time="18.337" classname="testcases.ProdSanityTest"/>
  <system-out/>
  <testcase name="prodSanityTest" time="15.844" classname="testcases.ProdSanityTest"/>
  <system-out/>
  <testcase name="prodSanityTest" time="15.888" classname="testcases.ProdSanityTest"/>
  <system-out/>
  <testcase name="prodSanityTest" time="13.343" classname="testcases.ProdSanityTest"/>
  <system-out/>
  <testcase name="prodSanityTest" time="19.217" classname="testcases.ProdSanityTest"/>
  <system-out/>
  <testcase name="prodSanityTest" time="15.985" classname="testcases.ProdSanityTest"/>
  <system-out/>
  <testcase name="prodSanityTest" time="9.826" classname="testcases.ProdSanityTest"/>
  <system-out/>
  <testcase name="prodSanityTest" time="14.064" classname="testcases.ProdSanityTest"/>
  <system-out/>
  <testcase name="prodSanityTest" time="15.516" classname="testcases.ProdSanityTest"/>
  <system-out/>
  <testcase name="prodSanityTest" time="17.240" classname="testcases.ProdSanityTest"/>
  <system-out/>
  <testcase name="prodSanityTest" time="17.493" classname="testcases.ProdSanityTest"/>
  <system-out/>
  <testcase name="prodSanityTest" time="13.775" classname="testcases.ProdSanityTest"/>
  <system-out/>
</testsuite> <!-- testcases.ProdSanityTest -->
