<?xml version="1.0" encoding="UTF-8"?>
<!-- Generated by org.testng.reporters.JUnitReportReporter -->
<testsuite skipped="24" hostname="ISIPL-PUNV-L384" name="testcases.PreProd1gTest" tests="67" failures="0" timestamp="2022-10-10T13:39:34 IST" time="753.275" errors="0">
  <testcase name="PreProd1gTest" time="22.040" classname="testcases.PreProd1gTest"/>
  <system-out/>
  <testcase name="PreProd1gTest" time="16.445" classname="testcases.PreProd1gTest"/>
  <system-out/>
  <testcase name="PreProd1gTest" time="12.886" classname="testcases.PreProd1gTest"/>
  <system-out/>
  <testcase name="PreProd1gTest" time="0.000" classname="testcases.PreProd1gTest">
    <skipped/>
  </testcase> <!-- PreProd1gTest -->
  <system-out/>
  <testcase name="PreProd1gTest" time="0.000" classname="testcases.PreProd1gTest">
    <skipped/>
  </testcase> <!-- PreProd1gTest -->
  <system-out/>
  <testcase name="PreProd1gTest" time="0.000" classname="testcases.PreProd1gTest">
    <skipped/>
  </testcase> <!-- PreProd1gTest -->
  <system-out/>
  <testcase name="PreProd1gTest" time="0.000" classname="testcases.PreProd1gTest">
    <skipped/>
  </testcase> <!-- PreProd1gTest -->
  <system-out/>
  <testcase name="PreProd1gTest" time="0.000" classname="testcases.PreProd1gTest">
    <skipped/>
  </testcase> <!-- PreProd1gTest -->
  <system-out/>
  <testcase name="PreProd1gTest" time="0.000" classname="testcases.PreProd1gTest">
    <skipped/>
  </testcase> <!-- PreProd1gTest -->
  <system-out/>
  <testcase name="PreProd1gTest" time="16.690" classname="testcases.PreProd1gTest"/>
  <system-out/>
  <testcase name="PreProd1gTest" time="16.940" classname="testcases.PreProd1gTest"/>
  <system-out/>
  <testcase name="PreProd1gTest" time="0.000" classname="testcases.PreProd1gTest">
    <skipped/>
  </testcase> <!-- PreProd1gTest -->
  <system-out/>
  <testcase name="PreProd1gTest" time="14.629" classname="testcases.PreProd1gTest"/>
  <system-out/>
  <testcase name="PreProd1gTest" time="0.000" classname="testcases.PreProd1gTest">
    <skipped/>
  </testcase> <!-- PreProd1gTest -->
  <system-out/>
  <testcase name="PreProd1gTest" time="15.214" classname="testcases.PreProd1gTest"/>
  <system-out/>
  <testcase name="PreProd1gTest" time="0.000" classname="testcases.PreProd1gTest">
    <skipped/>
  </testcase> <!-- PreProd1gTest -->
  <system-out/>
  <testcase name="PreProd1gTest" time="16.443" classname="testcases.PreProd1gTest"/>
  <system-out/>
  <testcase name="PreProd1gTest" time="12.170" classname="testcases.PreProd1gTest"/>
  <system-out/>
  <testcase name="PreProd1gTest" time="19.906" classname="testcases.PreProd1gTest"/>
  <system-out/>
  <testcase name="PreProd1gTest" time="11.566" classname="testcases.PreProd1gTest"/>
  <system-out/>
  <testcase name="PreProd1gTest" time="16.091" classname="testcases.PreProd1gTest"/>
  <system-out/>
  <testcase name="PreProd1gTest" time="18.988" classname="testcases.PreProd1gTest"/>
  <system-out/>
  <testcase name="PreProd1gTest" time="11.518" classname="testcases.PreProd1gTest"/>
  <system-out/>
  <testcase name="PreProd1gTest" time="0.000" classname="testcases.PreProd1gTest">
    <skipped/>
  </testcase> <!-- PreProd1gTest -->
  <system-out/>
  <testcase name="PreProd1gTest" time="12.838" classname="testcases.PreProd1gTest"/>
  <system-out/>
  <testcase name="PreProd1gTest" time="0.000" classname="testcases.PreProd1gTest">
    <skipped/>
  </testcase> <!-- PreProd1gTest -->
  <system-out/>
  <testcase name="PreProd1gTest" time="0.000" classname="testcases.PreProd1gTest">
    <skipped/>
  </testcase> <!-- PreProd1gTest -->
  <system-out/>
  <testcase name="PreProd1gTest" time="0.000" classname="testcases.PreProd1gTest">
    <skipped/>
  </testcase> <!-- PreProd1gTest -->
  <system-out/>
  <testcase name="PreProd1gTest" time="14.956" classname="testcases.PreProd1gTest"/>
  <system-out/>
  <testcase name="PreProd1gTest" time="0.000" classname="testcases.PreProd1gTest">
    <skipped/>
  </testcase> <!-- PreProd1gTest -->
  <system-out/>
  <testcase name="PreProd1gTest" time="20.229" classname="testcases.PreProd1gTest"/>
  <system-out/>
  <testcase name="PreProd1gTest" time="0.000" classname="testcases.PreProd1gTest">
    <skipped/>
  </testcase> <!-- PreProd1gTest -->
  <system-out/>
  <testcase name="PreProd1gTest" time="0.000" classname="testcases.PreProd1gTest">
    <skipped/>
  </testcase> <!-- PreProd1gTest -->
  <system-out/>
  <testcase name="PreProd1gTest" time="15.294" classname="testcases.PreProd1gTest"/>
  <system-out/>
  <testcase name="PreProd1gTest" time="0.000" classname="testcases.PreProd1gTest">
    <skipped/>
  </testcase> <!-- PreProd1gTest -->
  <system-out/>
  <testcase name="PreProd1gTest" time="15.494" classname="testcases.PreProd1gTest"/>
  <system-out/>
  <testcase name="PreProd1gTest" time="14.318" classname="testcases.PreProd1gTest"/>
  <system-out/>
  <testcase name="PreProd1gTest" time="0.000" classname="testcases.PreProd1gTest">
    <skipped/>
  </testcase> <!-- PreProd1gTest -->
  <system-out/>
  <testcase name="PreProd1gTest" time="13.925" classname="testcases.PreProd1gTest"/>
  <system-out/>
  <testcase name="PreProd1gTest" time="0.000" classname="testcases.PreProd1gTest">
    <skipped/>
  </testcase> <!-- PreProd1gTest -->
  <system-out/>
  <testcase name="PreProd1gTest" time="0.000" classname="testcases.PreProd1gTest">
    <skipped/>
  </testcase> <!-- PreProd1gTest -->
  <system-out/>
  <testcase name="PreProd1gTest" time="91.657" classname="testcases.PreProd1gTest"/>
  <system-out/>
  <testcase name="PreProd1gTest" time="17.333" classname="testcases.PreProd1gTest"/>
  <system-out/>
  <testcase name="PreProd1gTest" time="17.525" classname="testcases.PreProd1gTest"/>
  <system-out/>
  <testcase name="PreProd1gTest" time="0.000" classname="testcases.PreProd1gTest">
    <skipped/>
  </testcase> <!-- PreProd1gTest -->
  <system-out/>
  <testcase name="PreProd1gTest" time="1.759" classname="testcases.PreProd1gTest"/>
  <system-out/>
  <testcase name="PreProd1gTest" time="15.114" classname="testcases.PreProd1gTest"/>
  <system-out/>
  <testcase name="PreProd1gTest" time="9.002" classname="testcases.PreProd1gTest"/>
  <system-out/>
  <testcase name="PreProd1gTest" time="0.000" classname="testcases.PreProd1gTest">
    <skipped/>
  </testcase> <!-- PreProd1gTest -->
  <system-out/>
  <testcase name="PreProd1gTest" time="12.576" classname="testcases.PreProd1gTest"/>
  <system-out/>
  <testcase name="PreProd1gTest" time="17.825" classname="testcases.PreProd1gTest"/>
  <system-out/>
  <testcase name="PreProd1gTest" time="0.000" classname="testcases.PreProd1gTest">
    <skipped/>
  </testcase> <!-- PreProd1gTest -->
  <system-out/>
  <testcase name="PreProd1gTest" time="18.169" classname="testcases.PreProd1gTest"/>
  <system-out/>
  <testcase name="PreProd1gTest" time="14.813" classname="testcases.PreProd1gTest"/>
  <system-out/>
  <testcase name="PreProd1gTest" time="16.193" classname="testcases.PreProd1gTest"/>
  <system-out/>
  <testcase name="PreProd1gTest" time="0.000" classname="testcases.PreProd1gTest">
    <skipped/>
  </testcase> <!-- PreProd1gTest -->
  <system-out/>
  <testcase name="PreProd1gTest" time="18.944" classname="testcases.PreProd1gTest"/>
  <system-out/>
  <testcase name="PreProd1gTest" time="15.447" classname="testcases.PreProd1gTest"/>
  <system-out/>
  <testcase name="PreProd1gTest" time="13.596" classname="testcases.PreProd1gTest"/>
  <system-out/>
  <testcase name="PreProd1gTest" time="18.279" classname="testcases.PreProd1gTest"/>
  <system-out/>
  <testcase name="PreProd1gTest" time="17.365" classname="testcases.PreProd1gTest"/>
  <system-out/>
  <testcase name="PreProd1gTest" time="16.502" classname="testcases.PreProd1gTest"/>
  <system-out/>
  <testcase name="PreProd1gTest" time="11.269" classname="testcases.PreProd1gTest"/>
  <system-out/>
  <testcase name="PreProd1gTest" time="31.708" classname="testcases.PreProd1gTest"/>
  <system-out/>
  <testcase name="PreProd1gTest" time="15.834" classname="testcases.PreProd1gTest"/>
  <system-out/>
  <testcase name="PreProd1gTest" time="13.509" classname="testcases.PreProd1gTest"/>
  <system-out/>
  <testcase name="PreProd1gTest" time="20.276" classname="testcases.PreProd1gTest"/>
  <system-out/>
</testsuite> <!-- testcases.PreProd1gTest -->
