<?xml version="1.0" encoding="UTF-8"?>
<!-- Generated by org.testng.reporters.JUnitReportReporter -->
<testsuite skipped="4" hostname="ISIPL-PUNV-L384" name="testcases.PreProd1BTest" tests="7" failures="1" timestamp="2022-10-03T12:00:22 IST" time="335.366" errors="0">
  <testcase name="preProd1bTest" time="79.260" classname="testcases.PreProd1BTest"/>
  <system-out/>
  <testcase name="preProd1bTest" time="0.007" classname="testcases.PreProd1BTest">
    <skipped/>
  </testcase> <!-- preProd1bTest -->
  <system-out/>
  <testcase name="preProd1bTest" time="0.007" classname="testcases.PreProd1BTest">
    <skipped/>
  </testcase> <!-- preProd1bTest -->
  <system-out/>
  <testcase name="preProd1bTest" time="85.714" classname="testcases.PreProd1BTest">
    <failure type="java.lang.AssertionError" message="The following asserts failed:
	expected [Homeddf] but found [Home]">
      <![CDATA[java.lang.AssertionError: The following asserts failed:
expected [Homeddf] but found [Home]
at org.testng.asserts.SoftAssert.assertAll(SoftAssert.java:47)
at org.testng.asserts.SoftAssert.assertAll(SoftAssert.java:31)
at base.BaseTest.checkSoftAsserEqual(BaseTest.java:130)
at testcases.PreProd1BTest.preProd1bTest(PreProd1BTest.java:20)
at sun.reflect.NativeMethodAccessorImpl.invoke0(Native Method)
at sun.reflect.NativeMethodAccessorImpl.invoke(NativeMethodAccessorImpl.java:62)
at sun.reflect.DelegatingMethodAccessorImpl.invoke(DelegatingMethodAccessorImpl.java:43)
at java.lang.reflect.Method.invoke(Method.java:498)
at org.testng.internal.MethodInvocationHelper.invokeMethod(MethodInvocationHelper.java:133)
at org.testng.internal.TestInvoker.invokeMethod(TestInvoker.java:598)
at org.testng.internal.TestInvoker.invokeTestMethod(TestInvoker.java:173)
at org.testng.internal.MethodRunner.runInSequence(MethodRunner.java:46)
at org.testng.internal.TestInvoker$MethodInvocationAgent.invoke(TestInvoker.java:824)
at org.testng.internal.TestInvoker.invokeTestMethods(TestInvoker.java:146)
at org.testng.internal.TestMethodWorker.invokeTestMethods(TestMethodWorker.java:146)
at org.testng.internal.TestMethodWorker.run(TestMethodWorker.java:128)
at java.util.ArrayList.forEach(ArrayList.java:1257)
at org.testng.TestRunner.privateRun(TestRunner.java:794)
at org.testng.TestRunner.run(TestRunner.java:596)
at org.testng.SuiteRunner.runTest(SuiteRunner.java:377)
at org.testng.SuiteRunner.runSequentially(SuiteRunner.java:371)
at org.testng.SuiteRunner.privateRun(SuiteRunner.java:332)
at org.testng.SuiteRunner.run(SuiteRunner.java:276)
at org.testng.SuiteRunnerWorker.runSuite(SuiteRunnerWorker.java:53)
at org.testng.SuiteRunnerWorker.run(SuiteRunnerWorker.java:96)
at org.testng.TestNG.runSuitesSequentially(TestNG.java:1212)
at org.testng.TestNG.runSuitesLocally(TestNG.java:1134)
at org.testng.TestNG.runSuites(TestNG.java:1063)
at org.testng.TestNG.run(TestNG.java:1031)
at org.testng.remote.AbstractRemoteTestNG.run(AbstractRemoteTestNG.java:115)
at org.testng.remote.RemoteTestNG.initAndRun(RemoteTestNG.java:251)
at org.testng.remote.RemoteTestNG.main(RemoteTestNG.java:77)
]]>
    </failure>
  </testcase> <!-- preProd1bTest -->
  <system-out/>
  <testcase name="preProd1bTest" time="0.003" classname="testcases.PreProd1BTest">
    <skipped/>
  </testcase> <!-- preProd1bTest -->
  <system-out/>
  <testcase name="preProd1bTest" time="170.365" classname="testcases.PreProd1BTest"/>
  <system-out/>
  <testcase name="preProd1bTest" time="0.010" classname="testcases.PreProd1BTest">
    <skipped/>
  </testcase> <!-- preProd1bTest -->
  <system-out/>
</testsuite> <!-- testcases.PreProd1BTest -->
