<?xml version="1.0" encoding="UTF-8"?>
<!-- Generated by org.testng.reporters.JUnitReportReporter -->
<testsuite skipped="24" hostname="ISIPL-PUNV-L384" name="testcases.PreProd1gTest" tests="67" failures="0" timestamp="2022-10-13T13:33:59 IST" time="1297.590" errors="0">
  <testcase name="PreProd1gTest" time="25.955" classname="testcases.PreProd1gTest"/>
  <system-out/>
  <testcase name="PreProd1gTest" time="38.241" classname="testcases.PreProd1gTest"/>
  <system-out/>
  <testcase name="PreProd1gTest" time="0.001" classname="testcases.PreProd1gTest">
    <skipped/>
  </testcase> <!-- PreProd1gTest -->
  <system-out/>
  <testcase name="PreProd1gTest" time="0.001" classname="testcases.PreProd1gTest">
    <skipped/>
  </testcase> <!-- PreProd1gTest -->
  <system-out/>
  <testcase name="PreProd1gTest" time="0.004" classname="testcases.PreProd1gTest">
    <skipped/>
  </testcase> <!-- PreProd1gTest -->
  <system-out/>
  <testcase name="PreProd1gTest" time="0.001" classname="testcases.PreProd1gTest">
    <skipped/>
  </testcase> <!-- PreProd1gTest -->
  <system-out/>
  <testcase name="PreProd1gTest" time="13.231" classname="testcases.PreProd1gTest"/>
  <system-out/>
  <testcase name="PreProd1gTest" time="1.790" classname="testcases.PreProd1gTest"/>
  <system-out/>
  <testcase name="PreProd1gTest" time="29.949" classname="testcases.PreProd1gTest"/>
  <system-out/>
  <testcase name="PreProd1gTest" time="0.002" classname="testcases.PreProd1gTest">
    <skipped/>
  </testcase> <!-- PreProd1gTest -->
  <system-out/>
  <testcase name="PreProd1gTest" time="0.003" classname="testcases.PreProd1gTest">
    <skipped/>
  </testcase> <!-- PreProd1gTest -->
  <system-out/>
  <testcase name="PreProd1gTest" time="0.001" classname="testcases.PreProd1gTest">
    <skipped/>
  </testcase> <!-- PreProd1gTest -->
  <system-out/>
  <testcase name="PreProd1gTest" time="21.134" classname="testcases.PreProd1gTest"/>
  <system-out/>
  <testcase name="PreProd1gTest" time="27.373" classname="testcases.PreProd1gTest"/>
  <system-out/>
  <testcase name="PreProd1gTest" time="39.673" classname="testcases.PreProd1gTest"/>
  <system-out/>
  <testcase name="PreProd1gTest" time="26.049" classname="testcases.PreProd1gTest"/>
  <system-out/>
  <testcase name="PreProd1gTest" time="30.858" classname="testcases.PreProd1gTest"/>
  <system-out/>
  <testcase name="PreProd1gTest" time="18.956" classname="testcases.PreProd1gTest"/>
  <system-out/>
  <testcase name="PreProd1gTest" time="26.601" classname="testcases.PreProd1gTest"/>
  <system-out/>
  <testcase name="PreProd1gTest" time="29.632" classname="testcases.PreProd1gTest"/>
  <system-out/>
  <testcase name="PreProd1gTest" time="15.306" classname="testcases.PreProd1gTest"/>
  <system-out/>
  <testcase name="PreProd1gTest" time="23.632" classname="testcases.PreProd1gTest"/>
  <system-out/>
  <testcase name="PreProd1gTest" time="22.357" classname="testcases.PreProd1gTest"/>
  <system-out/>
  <testcase name="PreProd1gTest" time="0.001" classname="testcases.PreProd1gTest">
    <skipped/>
  </testcase> <!-- PreProd1gTest -->
  <system-out/>
  <testcase name="PreProd1gTest" time="13.324" classname="testcases.PreProd1gTest"/>
  <system-out/>
  <testcase name="PreProd1gTest" time="21.113" classname="testcases.PreProd1gTest"/>
  <system-out/>
  <testcase name="PreProd1gTest" time="27.351" classname="testcases.PreProd1gTest"/>
  <system-out/>
  <testcase name="PreProd1gTest" time="14.306" classname="testcases.PreProd1gTest"/>
  <system-out/>
  <testcase name="PreProd1gTest" time="0.003" classname="testcases.PreProd1gTest">
    <skipped/>
  </testcase> <!-- PreProd1gTest -->
  <system-out/>
  <testcase name="PreProd1gTest" time="17.433" classname="testcases.PreProd1gTest"/>
  <system-out/>
  <testcase name="PreProd1gTest" time="41.043" classname="testcases.PreProd1gTest"/>
  <system-out/>
  <testcase name="PreProd1gTest" time="0.002" classname="testcases.PreProd1gTest">
    <skipped/>
  </testcase> <!-- PreProd1gTest -->
  <system-out/>
  <testcase name="PreProd1gTest" time="19.975" classname="testcases.PreProd1gTest"/>
  <system-out/>
  <testcase name="PreProd1gTest" time="0.002" classname="testcases.PreProd1gTest">
    <skipped/>
  </testcase> <!-- PreProd1gTest -->
  <system-out/>
  <testcase name="PreProd1gTest" time="0.001" classname="testcases.PreProd1gTest">
    <skipped/>
  </testcase> <!-- PreProd1gTest -->
  <system-out/>
  <testcase name="PreProd1gTest" time="0.003" classname="testcases.PreProd1gTest">
    <skipped/>
  </testcase> <!-- PreProd1gTest -->
  <system-out/>
  <testcase name="PreProd1gTest" time="68.613" classname="testcases.PreProd1gTest"/>
  <system-out/>
  <testcase name="PreProd1gTest" time="19.433" classname="testcases.PreProd1gTest"/>
  <system-out/>
  <testcase name="PreProd1gTest" time="15.234" classname="testcases.PreProd1gTest"/>
  <system-out/>
  <testcase name="PreProd1gTest" time="18.772" classname="testcases.PreProd1gTest"/>
  <system-out/>
  <testcase name="PreProd1gTest" time="17.466" classname="testcases.PreProd1gTest"/>
  <system-out/>
  <testcase name="PreProd1gTest" time="38.174" classname="testcases.PreProd1gTest"/>
  <system-out/>
  <testcase name="PreProd1gTest" time="19.538" classname="testcases.PreProd1gTest"/>
  <system-out/>
  <testcase name="PreProd1gTest" time="0.001" classname="testcases.PreProd1gTest">
    <skipped/>
  </testcase> <!-- PreProd1gTest -->
  <system-out/>
  <testcase name="PreProd1gTest" time="0.002" classname="testcases.PreProd1gTest">
    <skipped/>
  </testcase> <!-- PreProd1gTest -->
  <system-out/>
  <testcase name="PreProd1gTest" time="21.929" classname="testcases.PreProd1gTest"/>
  <system-out/>
  <testcase name="PreProd1gTest" time="0.001" classname="testcases.PreProd1gTest">
    <skipped/>
  </testcase> <!-- PreProd1gTest -->
  <system-out/>
  <testcase name="PreProd1gTest" time="0.002" classname="testcases.PreProd1gTest">
    <skipped/>
  </testcase> <!-- PreProd1gTest -->
  <system-out/>
  <testcase name="PreProd1gTest" time="0.003" classname="testcases.PreProd1gTest">
    <skipped/>
  </testcase> <!-- PreProd1gTest -->
  <system-out/>
  <testcase name="PreProd1gTest" time="22.107" classname="testcases.PreProd1gTest"/>
  <system-out/>
  <testcase name="PreProd1gTest" time="301.948" classname="testcases.PreProd1gTest"/>
  <system-out/>
  <testcase name="PreProd1gTest" time="0.002" classname="testcases.PreProd1gTest">
    <skipped/>
  </testcase> <!-- PreProd1gTest -->
  <system-out/>
  <testcase name="PreProd1gTest" time="33.068" classname="testcases.PreProd1gTest"/>
  <system-out/>
  <testcase name="PreProd1gTest" time="0.001" classname="testcases.PreProd1gTest">
    <skipped/>
  </testcase> <!-- PreProd1gTest -->
  <system-out/>
  <testcase name="PreProd1gTest" time="12.896" classname="testcases.PreProd1gTest"/>
  <system-out/>
  <testcase name="PreProd1gTest" time="0.001" classname="testcases.PreProd1gTest">
    <skipped/>
  </testcase> <!-- PreProd1gTest -->
  <system-out/>
  <testcase name="PreProd1gTest" time="11.662" classname="testcases.PreProd1gTest"/>
  <system-out/>
  <testcase name="PreProd1gTest" time="17.583" classname="testcases.PreProd1gTest"/>
  <system-out/>
  <testcase name="PreProd1gTest" time="0.001" classname="testcases.PreProd1gTest">
    <skipped/>
  </testcase> <!-- PreProd1gTest -->
  <system-out/>
  <testcase name="PreProd1gTest" time="19.696" classname="testcases.PreProd1gTest"/>
  <system-out/>
  <testcase name="PreProd1gTest" time="25.997" classname="testcases.PreProd1gTest"/>
  <system-out/>
  <testcase name="PreProd1gTest" time="0.004" classname="testcases.PreProd1gTest">
    <skipped/>
  </testcase> <!-- PreProd1gTest -->
  <system-out/>
  <testcase name="PreProd1gTest" time="12.060" classname="testcases.PreProd1gTest"/>
  <system-out/>
  <testcase name="PreProd1gTest" time="16.073" classname="testcases.PreProd1gTest"/>
  <system-out/>
  <testcase name="PreProd1gTest" time="24.801" classname="testcases.PreProd1gTest"/>
  <system-out/>
  <testcase name="PreProd1gTest" time="0.003" classname="testcases.PreProd1gTest">
    <skipped/>
  </testcase> <!-- PreProd1gTest -->
  <system-out/>
  <testcase name="PreProd1gTest" time="35.212" classname="testcases.PreProd1gTest"/>
  <system-out/>
</testsuite> <!-- testcases.PreProd1gTest -->
