<?xml version="1.0" encoding="UTF-8"?>
<!-- Generated by org.testng.reporters.JUnitReportReporter -->
<testsuite skipped="22" hostname="ISIPL-PUNV-L384" name="testcases.SanityTest" tests="25" failures="0" timestamp="2022-10-13T11:32:50 IST" time="93.608" errors="0">
  <testcase name="sanityTest" time="2.015" classname="testcases.SanityTest">
    <skipped/>
  </testcase> <!-- sanityTest -->
  <system-out/>
  <testcase name="sanityTest" time="2.003" classname="testcases.SanityTest"/>
  <system-out/>
  <testcase name="sanityTest" time="2.008" classname="testcases.SanityTest">
    <skipped/>
  </testcase> <!-- sanityTest -->
  <system-out/>
  <testcase name="sanityTest" time="2.017" classname="testcases.SanityTest">
    <skipped/>
  </testcase> <!-- sanityTest -->
  <system-out/>
  <testcase name="sanityTest" time="2.023" classname="testcases.SanityTest">
    <skipped/>
  </testcase> <!-- sanityTest -->
  <system-out/>
  <testcase name="sanityTest" time="27.495" classname="testcases.SanityTest"/>
  <system-out/>
  <testcase name="sanityTest" time="2.005" classname="testcases.SanityTest">
    <skipped/>
  </testcase> <!-- sanityTest -->
  <system-out/>
  <testcase name="sanityTest" time="2.013" classname="testcases.SanityTest">
    <skipped/>
  </testcase> <!-- sanityTest -->
  <system-out/>
  <testcase name="sanityTest" time="2.010" classname="testcases.SanityTest">
    <skipped/>
  </testcase> <!-- sanityTest -->
  <system-out/>
  <testcase name="sanityTest" time="2.005" classname="testcases.SanityTest">
    <skipped/>
  </testcase> <!-- sanityTest -->
  <system-out/>
  <testcase name="sanityTest" time="2.016" classname="testcases.SanityTest">
    <skipped/>
  </testcase> <!-- sanityTest -->
  <system-out/>
  <testcase name="sanityTest" time="2.009" classname="testcases.SanityTest">
    <skipped/>
  </testcase> <!-- sanityTest -->
  <system-out/>
  <testcase name="sanityTest" time="2.012" classname="testcases.SanityTest">
    <skipped/>
  </testcase> <!-- sanityTest -->
  <system-out/>
  <testcase name="sanityTest" time="2.016" classname="testcases.SanityTest">
    <skipped/>
  </testcase> <!-- sanityTest -->
  <system-out/>
  <testcase name="sanityTest" time="2.008" classname="testcases.SanityTest">
    <skipped/>
  </testcase> <!-- sanityTest -->
  <system-out/>
  <testcase name="sanityTest" time="2.725" classname="testcases.SanityTest">
    <skipped/>
  </testcase> <!-- sanityTest -->
  <system-out/>
  <testcase name="sanityTest" time="2.010" classname="testcases.SanityTest">
    <skipped/>
  </testcase> <!-- sanityTest -->
  <system-out/>
  <testcase name="sanityTest" time="2.008" classname="testcases.SanityTest">
    <skipped/>
  </testcase> <!-- sanityTest -->
  <system-out/>
  <testcase name="sanityTest" time="2.017" classname="testcases.SanityTest">
    <skipped/>
  </testcase> <!-- sanityTest -->
  <system-out/>
  <testcase name="sanityTest" time="2.017" classname="testcases.SanityTest">
    <skipped/>
  </testcase> <!-- sanityTest -->
  <system-out/>
  <testcase name="sanityTest" time="18.360" classname="testcases.SanityTest"/>
  <system-out/>
  <testcase name="sanityTest" time="2.014" classname="testcases.SanityTest">
    <skipped/>
  </testcase> <!-- sanityTest -->
  <system-out/>
  <testcase name="sanityTest" time="2.014" classname="testcases.SanityTest">
    <skipped/>
  </testcase> <!-- sanityTest -->
  <system-out/>
  <testcase name="sanityTest" time="2.014" classname="testcases.SanityTest">
    <skipped/>
  </testcase> <!-- sanityTest -->
  <system-out/>
  <testcase name="sanityTest" time="2.774" classname="testcases.SanityTest">
    <skipped/>
  </testcase> <!-- sanityTest -->
  <system-out/>
</testsuite> <!-- testcases.SanityTest -->
