<?xml version="1.0" encoding="UTF-8"?>
<!-- Generated by org.testng.reporters.JUnitReportReporter -->
<testsuite hostname="ISIPL-PUNV-L221" failures="0" tests="15" name="testcases.SanityTest" time="1122.835" errors="1" timestamp="2022-10-04T11:13:33 IST" skipped="12">
  <testcase classname="testcases.SanityTest" name="sanityTest" time="2.162">
    <skipped/>
  </testcase> <!-- sanityTest -->
  <system-out/>
  <testcase classname="testcases.SanityTest" name="sanityTest" time="2.155">
    <skipped/>
  </testcase> <!-- sanityTest -->
  <system-out/>
  <testcase classname="testcases.SanityTest" name="sanityTest" time="2.019">
    <skipped/>
  </testcase> <!-- sanityTest -->
  <system-out/>
  <testcase classname="testcases.SanityTest" name="sanityTest" time="2.016">
    <skipped/>
  </testcase> <!-- sanityTest -->
  <system-out/>
  <testcase classname="testcases.SanityTest" name="sanityTest" time="214.033">
    <error message="no such element: Unable to locate element: {&quot;method&quot;:&quot;css selector&quot;,&quot;selector&quot;:&quot;pull-right &gt; a:nth-of-type(1)&quot;}
  (Session info: chrome=106.0.5249.91)
For documentation on this error, please visit: https://www.seleniumhq.org/exceptions/no_such_element.html
Build info: version: &#039;3.141.59&#039;, revision: &#039;e82be7d358&#039;, time: &#039;2018-11-14T08:17:03&#039;
System info: host: &#039;ISIPL-PUNV-L221&#039;, ip: &#039;192.168.0.103&#039;, os.name: &#039;Windows 10&#039;, os.arch: &#039;amd64&#039;, os.version: &#039;10.0&#039;, java.version: &#039;18.0.1&#039;
Driver info: org.openqa.selenium.chrome.ChromeDriver
Capabilities {acceptInsecureCerts: false, browserName: chrome, browserVersion: 106.0.5249.91, chrome: {chromedriverVersion: 105.0.5195.52 (412c95e51883..., userDataDir: C:\Users\SHREYA~1\AppData\L...}, goog:chromeOptions: {debuggerAddress: localhost:64874}, javascriptEnabled: true, networkConnectionEnabled: false, pageLoadStrategy: normal, platform: WINDOWS, platformName: WINDOWS, proxy: Proxy(), setWindowRect: true, strictFileInteractability: false, timeouts: {implicit: 0, pageLoad: 300000, script: 30000}, unhandledPromptBehavior: dismiss and notify, webauthn:extension:credBlob: true, webauthn:extension:largeBlob: true, webauthn:virtualAuthenticators: true}
Session ID: 599d227b97a15bacd59088e3f41e3685
*** Element info: {Using=css selector, value=pull-right &gt; a:nth-of-type(1)}" type="org.openqa.selenium.NoSuchElementException">
      <![CDATA[org.openqa.selenium.NoSuchElementException: no such element: Unable to locate element: {"method":"css selector","selector":"pull-right > a:nth-of-type(1)"}
  (Session info: chrome=106.0.5249.91)
For documentation on this error, please visit: https://www.seleniumhq.org/exceptions/no_such_element.html
Build info: version: '3.141.59', revision: 'e82be7d358', time: '2018-11-14T08:17:03'
System info: host: 'ISIPL-PUNV-L221', ip: '192.168.0.103', os.name: 'Windows 10', os.arch: 'amd64', os.version: '10.0', java.version: '18.0.1'
Driver info: org.openqa.selenium.chrome.ChromeDriver
Capabilities {acceptInsecureCerts: false, browserName: chrome, browserVersion: 106.0.5249.91, chrome: {chromedriverVersion: 105.0.5195.52 (412c95e51883..., userDataDir: C:\Users\SHREYA~1\AppData\L...}, goog:chromeOptions: {debuggerAddress: localhost:64874}, javascriptEnabled: true, networkConnectionEnabled: false, pageLoadStrategy: normal, platform: WINDOWS, platformName: WINDOWS, proxy: Proxy(), setWindowRect: true, strictFileInteractability: false, timeouts: {implicit: 0, pageLoad: 300000, script: 30000}, unhandledPromptBehavior: dismiss and notify, webauthn:extension:credBlob: true, webauthn:extension:largeBlob: true, webauthn:virtualAuthenticators: true}
Session ID: 599d227b97a15bacd59088e3f41e3685
*** Element info: {Using=css selector, value=pull-right > a:nth-of-type(1)}
at java.base/jdk.internal.reflect.DirectConstructorHandleAccessor.newInstance(DirectConstructorHandleAccessor.java:67)
at java.base/java.lang.reflect.Constructor.newInstanceWithCaller(Constructor.java:499)
at java.base/java.lang.reflect.Constructor.newInstance(Constructor.java:483)
at org.openqa.selenium.remote.http.W3CHttpResponseCodec.createException(W3CHttpResponseCodec.java:187)
at org.openqa.selenium.remote.http.W3CHttpResponseCodec.decode(W3CHttpResponseCodec.java:122)
at org.openqa.selenium.remote.http.W3CHttpResponseCodec.decode(W3CHttpResponseCodec.java:49)
at org.openqa.selenium.remote.HttpCommandExecutor.execute(HttpCommandExecutor.java:158)
at org.openqa.selenium.remote.service.DriverCommandExecutor.execute(DriverCommandExecutor.java:83)
at org.openqa.selenium.remote.RemoteWebDriver.execute(RemoteWebDriver.java:552)
at org.openqa.selenium.remote.RemoteWebDriver.findElement(RemoteWebDriver.java:323)
at org.openqa.selenium.remote.RemoteWebDriver.findElementByCssSelector(RemoteWebDriver.java:420)
at org.openqa.selenium.By$ByCssSelector.findElement(By.java:431)
at org.openqa.selenium.remote.RemoteWebDriver.findElement(RemoteWebDriver.java:315)
at org.openqa.selenium.support.pagefactory.DefaultElementLocator.findElement(DefaultElementLocator.java:69)
at org.openqa.selenium.support.pagefactory.internal.LocatingElementHandler.invoke(LocatingElementHandler.java:38)
at jdk.proxy2/jdk.proxy2.$Proxy19.click(Unknown Source)
at pages.DE.DE_Datapal1_5.openMyaccount(DE_Datapal1_5.java:42)
at testcases.SanityTest.sanityTest(SanityTest.java:279)
at java.base/jdk.internal.reflect.DirectMethodHandleAccessor.invoke(DirectMethodHandleAccessor.java:104)
at java.base/java.lang.reflect.Method.invoke(Method.java:577)
at org.testng.internal.MethodInvocationHelper.invokeMethod(MethodInvocationHelper.java:133)
at org.testng.internal.TestInvoker.invokeMethod(TestInvoker.java:598)
at org.testng.internal.TestInvoker.invokeTestMethod(TestInvoker.java:173)
at org.testng.internal.MethodRunner.runInSequence(MethodRunner.java:46)
at org.testng.internal.TestInvoker$MethodInvocationAgent.invoke(TestInvoker.java:824)
at org.testng.internal.TestInvoker.invokeTestMethods(TestInvoker.java:146)
at org.testng.internal.TestMethodWorker.invokeTestMethods(TestMethodWorker.java:146)
at org.testng.internal.TestMethodWorker.run(TestMethodWorker.java:128)
at java.base/java.util.ArrayList.forEach(ArrayList.java:1511)
at org.testng.TestRunner.privateRun(TestRunner.java:794)
at org.testng.TestRunner.run(TestRunner.java:596)
at org.testng.SuiteRunner.runTest(SuiteRunner.java:377)
at org.testng.SuiteRunner.runSequentially(SuiteRunner.java:371)
at org.testng.SuiteRunner.privateRun(SuiteRunner.java:332)
at org.testng.SuiteRunner.run(SuiteRunner.java:276)
at org.testng.SuiteRunnerWorker.runSuite(SuiteRunnerWorker.java:53)
at org.testng.SuiteRunnerWorker.run(SuiteRunnerWorker.java:96)
at org.testng.TestNG.runSuitesSequentially(TestNG.java:1212)
at org.testng.TestNG.runSuitesLocally(TestNG.java:1134)
at org.testng.TestNG.runSuites(TestNG.java:1063)
at org.testng.TestNG.run(TestNG.java:1031)
at org.testng.remote.AbstractRemoteTestNG.run(AbstractRemoteTestNG.java:115)
at org.testng.remote.RemoteTestNG.initAndRun(RemoteTestNG.java:251)
at org.testng.remote.RemoteTestNG.main(RemoteTestNG.java:77)
]]>
    </error>
  </testcase> <!-- sanityTest -->
  <system-out>
    <![CDATA[<a href=Tue_Oct_04_11_13_30_IST_2022.jpg target="_blank">Screenshot link</a>
<br>
<a href=Tue_Oct_04_11_13_30_IST_2022.jpg target="_blank"><img src=Tue_Oct_04_11_13_30_IST_2022.jpg height=200 width=200></a>]]>
  </system-out>
  <testcase classname="testcases.SanityTest" name="sanityTest" time="2.013">
    <skipped/>
  </testcase> <!-- sanityTest -->
  <system-out/>
  <testcase classname="testcases.SanityTest" name="sanityTest" time="2.018">
    <skipped/>
  </testcase> <!-- sanityTest -->
  <system-out/>
  <testcase classname="testcases.SanityTest" name="sanityTest" time="882.274"/>
  <system-out/>
  <testcase classname="testcases.SanityTest" name="sanityTest" time="2.007">
    <skipped/>
  </testcase> <!-- sanityTest -->
  <system-out/>
  <testcase classname="testcases.SanityTest" name="sanityTest" time="2.027">
    <skipped/>
  </testcase> <!-- sanityTest -->
  <system-out/>
  <testcase classname="testcases.SanityTest" name="sanityTest" time="2.028">
    <skipped/>
  </testcase> <!-- sanityTest -->
  <system-out/>
  <testcase classname="testcases.SanityTest" name="sanityTest" time="2.017"/>
  <system-out/>
  <testcase classname="testcases.SanityTest" name="sanityTest" time="2.023">
    <skipped/>
  </testcase> <!-- sanityTest -->
  <system-out/>
  <testcase classname="testcases.SanityTest" name="sanityTest" time="2.028">
    <skipped/>
  </testcase> <!-- sanityTest -->
  <system-out/>
  <testcase classname="testcases.SanityTest" name="sanityTest" time="2.015">
    <skipped/>
  </testcase> <!-- sanityTest -->
  <system-out/>
</testsuite> <!-- testcases.SanityTest -->
