<?xml version="1.0" encoding="UTF-8"?>
<!-- Generated by org.testng.reporters.JUnitReportReporter -->
<testsuite skipped="10" hostname="ISIPL-PUNV-L384" name="testcases.SanityTest" tests="14" failures="1" timestamp="2022-10-04T17:27:51 IST" time="114.826" errors="0">
  <testcase name="sanityTest" time="2.012" classname="testcases.SanityTest">
    <skipped/>
  </testcase> <!-- sanityTest -->
  <system-out/>
  <testcase name="sanityTest" time="25.772" classname="testcases.SanityTest"/>
  <system-out/>
  <testcase name="sanityTest" time="31.007" classname="testcases.SanityTest">
    <failure type="java.lang.AssertionError" message="expected [40093727919] but found [4009372791]">
      <![CDATA[java.lang.AssertionError: expected [40093727919] but found [4009372791]
at org.testng.Assert.fail(Assert.java:99)
at org.testng.Assert.failNotEquals(Assert.java:1037)
at org.testng.Assert.assertEqualsImpl(Assert.java:140)
at org.testng.Assert.assertEquals(Assert.java:122)
at org.testng.Assert.assertEquals(Assert.java:629)
at org.testng.Assert.assertEquals(Assert.java:639)
at testcases.SanityTest.sanityTest(SanityTest.java:281)
at sun.reflect.NativeMethodAccessorImpl.invoke0(Native Method)
at sun.reflect.NativeMethodAccessorImpl.invoke(NativeMethodAccessorImpl.java:62)
at sun.reflect.DelegatingMethodAccessorImpl.invoke(DelegatingMethodAccessorImpl.java:43)
at java.lang.reflect.Method.invoke(Method.java:498)
at org.testng.internal.MethodInvocationHelper.invokeMethod(MethodInvocationHelper.java:133)
at org.testng.internal.TestInvoker.invokeMethod(TestInvoker.java:598)
at org.testng.internal.TestInvoker.invokeTestMethod(TestInvoker.java:173)
at org.testng.internal.MethodRunner.runInSequence(MethodRunner.java:46)
at org.testng.internal.TestInvoker$MethodInvocationAgent.invoke(TestInvoker.java:824)
at org.testng.internal.TestInvoker.invokeTestMethods(TestInvoker.java:146)
at org.testng.internal.TestMethodWorker.invokeTestMethods(TestMethodWorker.java:146)
at org.testng.internal.TestMethodWorker.run(TestMethodWorker.java:128)
at java.util.ArrayList.forEach(ArrayList.java:1257)
at org.testng.TestRunner.privateRun(TestRunner.java:794)
at org.testng.TestRunner.run(TestRunner.java:596)
at org.testng.SuiteRunner.runTest(SuiteRunner.java:377)
at org.testng.SuiteRunner.runSequentially(SuiteRunner.java:371)
at org.testng.SuiteRunner.privateRun(SuiteRunner.java:332)
at org.testng.SuiteRunner.run(SuiteRunner.java:276)
at org.testng.SuiteRunnerWorker.runSuite(SuiteRunnerWorker.java:53)
at org.testng.SuiteRunnerWorker.run(SuiteRunnerWorker.java:96)
at org.testng.TestNG.runSuitesSequentially(TestNG.java:1212)
at org.testng.TestNG.runSuitesLocally(TestNG.java:1134)
at org.testng.TestNG.runSuites(TestNG.java:1063)
at org.testng.TestNG.run(TestNG.java:1031)
at org.testng.remote.AbstractRemoteTestNG.run(AbstractRemoteTestNG.java:115)
at org.testng.remote.RemoteTestNG.initAndRun(RemoteTestNG.java:251)
at org.testng.remote.RemoteTestNG.main(RemoteTestNG.java:77)
]]>
    </failure>
  </testcase> <!-- sanityTest -->
  <system-out>
    <![CDATA[<a href=Tue_Oct_04_17_27_49_IST_2022.jpg target="_blank">Screenshot link</a>
<br>
<a href=Tue_Oct_04_17_27_49_IST_2022.jpg target="_blank"><img src=Tue_Oct_04_17_27_49_IST_2022.jpg height=200 width=200></a>]]>
  </system-out>
  <testcase name="sanityTest" time="2.797" classname="testcases.SanityTest">
    <skipped/>
  </testcase> <!-- sanityTest -->
  <system-out/>
  <testcase name="sanityTest" time="2.015" classname="testcases.SanityTest">
    <skipped/>
  </testcase> <!-- sanityTest -->
  <system-out/>
  <testcase name="sanityTest" time="2.017" classname="testcases.SanityTest">
    <skipped/>
  </testcase> <!-- sanityTest -->
  <system-out/>
  <testcase name="sanityTest" time="2.015" classname="testcases.SanityTest">
    <skipped/>
  </testcase> <!-- sanityTest -->
  <system-out/>
  <testcase name="sanityTest" time="34.325" classname="testcases.SanityTest"/>
  <system-out/>
  <testcase name="sanityTest" time="2.009" classname="testcases.SanityTest">
    <skipped/>
  </testcase> <!-- sanityTest -->
  <system-out/>
  <testcase name="sanityTest" time="2.009" classname="testcases.SanityTest">
    <skipped/>
  </testcase> <!-- sanityTest -->
  <system-out/>
  <testcase name="sanityTest" time="2.007" classname="testcases.SanityTest"/>
  <system-out/>
  <testcase name="sanityTest" time="2.008" classname="testcases.SanityTest">
    <skipped/>
  </testcase> <!-- sanityTest -->
  <system-out/>
  <testcase name="sanityTest" time="2.013" classname="testcases.SanityTest">
    <skipped/>
  </testcase> <!-- sanityTest -->
  <system-out/>
  <testcase name="sanityTest" time="2.820" classname="testcases.SanityTest">
    <skipped/>
  </testcase> <!-- sanityTest -->
  <system-out/>
</testsuite> <!-- testcases.SanityTest -->
